<?xml version="1.0" encoding="UTF-8"?>
<!-- Generated by org.testng.reporters.JUnitReportReporter -->
<testsuite hostname="DESKTOP-M9IMSJT" failures="0" tests="1" name="testCases.TC_001_AccountRegistration" time="2.881" errors="0" timestamp="11 Dec 2021 21:05:44 GMT" skipped="0">
  <testcase classname="testCases.TC_001_AccountRegistration" name="testAccountRegistration" time="2.881"/>
</testsuite> <!-- testCases.TC_001_AccountRegistration -->
