<?xml version="1.0" encoding="UTF-8"?>
<!-- Generated by org.testng.reporters.JUnitReportReporter -->
<testsuite hostname="DESKTOP-M9IMSJT" failures="0" tests="1" name="testCases.TC_002_Login" time="3.178" errors="0" timestamp="11 Dec 2021 21:05:44 GMT" skipped="0">
  <testcase classname="testCases.TC_002_Login" name="testLogin" time="3.178"/>
</testsuite> <!-- testCases.TC_002_Login -->
